<?xml version="1.0" encoding="UTF-8"?>
<!-- Generated by org.testng.reporters.JUnitReportReporter -->
<testsuite hostname="Admin-PC" name="com.test.Annotations" tests="3" failures="0" timestamp="24 May 2019 18:18:35 GMT" time="0.078" errors="0">
  <testcase name="googleTitleTest" time="0.016" classname="com.test.Annotations"/>
  <testcase name="googleName" time="0.015" classname="com.test.Annotations"/>
  <testcase name="googleTitleTest" time="0.047" classname="com.test.Annotations"/>
</testsuite> <!-- com.test.Annotations -->
