<?xml version="1.0" encoding="UTF-8"?>
<!-- Generated by org.testng.reporters.JUnitReportReporter -->
<testsuite hostname="Admin-PC" name="com.testcases.Verifylogin" tests="1" failures="0" timestamp="1 Apr 2019 07:48:19 GMT" time="11.338" errors="0">
  <testcase name="verifyValidLogin" time="11.338" classname="com.testcases.Verifylogin"/>
</testsuite> <!-- com.testcases.Verifylogin -->
