<?xml version="1.0" encoding="UTF-8"?>
<!-- Generated by org.testng.reporters.JUnitReportReporter -->
<testsuite hostname="Admin-PC" name="com.parameters.ParameterTest" tests="1" failures="0" timestamp="11 Mar 2019 18:05:43 GMT" time="11.630" errors="0">
  <testcase name="login" time="11.630" classname="com.parameters.ParameterTest"/>
</testsuite> <!-- com.parameters.ParameterTest -->
